<?xml version="1.0" encoding="UTF-8"?>
<!-- Generated by org.testng.reporters.JUnitXMLReporter -->
<testsuite ignored="0" hostname="DESKTOP-LL4U9MF" failures="1" tests="1" name="Log Out Test" time="20.298" errors="0" timestamp="2024-10-19T18:25:48 EEST">
  <testcase classname="Tests.LogoutTest" name="LogOut_Test" time="12.295">
    <failure type="java.lang.AssertionError" message="expected [rgba(255, 165, 0, 1)] but found [rgba(105, 103, 99, 1)]">
      <![CDATA[java.lang.AssertionError: expected [rgba(255, 165, 0, 1)] but found [rgba(105, 103, 99, 1)]
at Tests.LogoutTest.LogOut_Test(LogoutTest.java:26)
at java.base/java.util.ArrayList.forEach(ArrayList.java:1597)
... Removed 31 stack frames]]>
    </failure>
  </testcase> <!-- LogOut_Test -->
</testsuite> <!-- Log Out Test -->
